# JRE version: Java(TM) SE Runtime Environment (7.0_45-b18) (build 1.7.0_45-b18)
# Java VM: Java HotSpot(TM) 64-Bit Server VM (24.45-b08 mixed mode windows-amd64 compressed oops)
Heap
 PSYoungGen      total 19456K, used 3578K [0x00000000f5500000, 0x00000000f6900000, 0x0000000100000000)
  eden space 18432K, 14% used [0x00000000f5500000,0x00000000f5786990,0x00000000f6700000)
  from space 1024K, 96% used [0x00000000f6700000,0x00000000f67f8020,0x00000000f6800000)
  to   space 1024K, 0% used [0x00000000f6800000,0x00000000f6800000,0x00000000f6900000)
 ParOldGen       total 21504K, used 7159K [0x00000000e0000000, 0x00000000e1500000, 0x00000000f5500000)
  object space 21504K, 33% used [0x00000000e0000000,0x00000000e06fddf0,0x00000000e1500000)
 PSPermGen       total 21504K, used 11113K [0x00000000dae00000, 0x00000000dc300000, 0x00000000e0000000)
  object space 21504K, 51% used [0x00000000dae00000,0x00000000db8da708,0x00000000dc300000)
GC Heap History (10 events):
Event: 2.167 GC heap before
{Heap before GC invocations=1 (full 0):
 PSYoungGen      total 10240K, used 9216K [0x00000000f5500000, 0x00000000f6000000, 0x0000000100000000)
  eden space 9216K, 100% used [0x00000000f5500000,0x00000000f5e00000,0x00000000f5e00000)
  from space 1024K, 0% used [0x00000000f5f00000,0x00000000f5f00000,0x00000000f6000000)
  to   space 1024K, 0% used [0x00000000f5e00000,0x00000000f5e00000,0x00000000f5f00000)
 ParOldGen       total 21504K, used 0K [0x00000000e0000000, 0x00000000e1500000, 0x00000000f5500000)
  object space 21504K, 0% used [0x00000000e0000000,0x00000000e0000000,0x00000000e1500000)
 PSPermGen       total 21504K, used 5410K [0x00000000dae00000, 0x00000000dc300000, 0x00000000e0000000)
  object space 21504K, 25% used [0x00000000dae00000,0x00000000db348ad8,0x00000000dc300000)
Event: 2.176 GC heap after
Heap after GC invocations=1 (full 0):
 PSYoungGen      total 10240K, used 998K [0x00000000f5500000, 0x00000000f6000000, 0x0000000100000000)
  eden space 9216K, 0% used [0x00000000f5500000,0x00000000f5500000,0x00000000f5e00000)
  from space 1024K, 97% used [0x00000000f5e00000,0x00000000f5ef9af8,0x00000000f5f00000)
  to   space 1024K, 0% used [0x00000000f5f00000,0x00000000f5f00000,0x00000000f6000000)
 ParOldGen       total 21504K, used 1180K [0x00000000e0000000, 0x00000000e1500000, 0x00000000f5500000)
  object space 21504K, 5% used [0x00000000e0000000,0x00000000e0127228,0x00000000e1500000)
 PSPermGen       total 21504K, used 5410K [0x00000000dae00000, 0x00000000dc300000, 0x00000000e0000000)
  object space 21504K, 25% used [0x00000000dae00000,0x00000000db348ad8,0x00000000dc300000)
}
Event: 2.832 GC heap before
{Heap before GC invocations=2 (full 0):
 PSYoungGen      total 10240K, used 10214K [0x00000000f5500000, 0x00000000f6000000, 0x0000000100000000)
  eden space 9216K, 100% used [0x00000000f5500000,0x00000000f5e00000,0x00000000f5e00000)
  from space 1024K, 97% used [0x00000000f5e00000,0x00000000f5ef9af8,0x00000000f5f00000)
  to   space 1024K, 0% used [0x00000000f5f00000,0x00000000f5f00000,0x00000000f6000000)
 ParOldGen       total 21504K, used 1180K [0x00000000e0000000, 0x00000000e1500000, 0x00000000f5500000)
  object space 21504K, 5% used [0x00000000e0000000,0x00000000e0127228,0x00000000e1500000)
 PSPermGen       total 21504K, used 6618K [0x00000000dae00000, 0x00000000dc300000, 0x00000000e0000000)
  object space 21504K, 30% used [0x00000000dae00000,0x00000000db4769e0,0x00000000dc300000)
Event: 2.842 GC heap after
Heap after GC invocations=2 (full 0):
 PSYoungGen      total 10240K, used 1015K [0x00000000f5500000, 0x00000000f6900000, 0x0000000100000000)
  eden space 9216K, 0% used [0x00000000f5500000,0x00000000f5500000,0x00000000f5e00000)
  from space 1024K, 99% used [0x00000000f5f00000,0x00000000f5ffde70,0x00000000f6000000)
  to   space 1024K, 0% used [0x00000000f5e00000,0x00000000f5e00000,0x00000000f5f00000)
 ParOldGen       total 21504K, used 2075K [0x00000000e0000000, 0x00000000e1500000, 0x00000000f5500000)
  object space 21504K, 9% used [0x00000000e0000000,0x00000000e0206e40,0x00000000e1500000)
 PSPermGen       total 21504K, used 6618K [0x00000000dae00000, 0x00000000dc300000, 0x00000000e0000000)
  object space 21504K, 30% used [0x00000000dae00000,0x00000000db4769e0,0x00000000dc300000)
}
Event: 3.031 GC heap before
{Heap before GC invocations=3 (full 0):
 PSYoungGen      total 10240K, used 10231K [0x00000000f5500000, 0x00000000f6900000, 0x0000000100000000)
  eden space 9216K, 100% used [0x00000000f5500000,0x00000000f5e00000,0x00000000f5e00000)
  from space 1024K, 99% used [0x00000000f5f00000,0x00000000f5ffde70,0x00000000f6000000)
  to   space 1024K, 0% used [0x00000000f5e00000,0x00000000f5e00000,0x00000000f5f00000)
 ParOldGen       total 21504K, used 2075K [0x00000000e0000000, 0x00000000e1500000, 0x00000000f5500000)
  object space 21504K, 9% used [0x00000000e0000000,0x00000000e0206e40,0x00000000e1500000)
 PSPermGen       total 21504K, used 6856K [0x00000000dae00000, 0x00000000dc300000, 0x00000000e0000000)
  object space 21504K, 31% used [0x00000000dae00000,0x00000000db4b20e0,0x00000000dc300000)
Event: 3.090 GC heap after
Heap after GC invocations=3 (full 0):
 PSYoungGen      total 10240K, used 1024K [0x00000000f5500000, 0x00000000f6900000, 0x0000000100000000)
  eden space 9216K, 0% used [0x00000000f5500000,0x00000000f5500000,0x00000000f5e00000)
  from space 1024K, 100% used [0x00000000f5e00000,0x00000000f5f00000,0x00000000f5f00000)
  to   space 1024K, 0% used [0x00000000f6800000,0x00000000f6800000,0x00000000f6900000)
 ParOldGen       total 21504K, used 2609K [0x00000000e0000000, 0x00000000e1500000, 0x00000000f5500000)
  object space 21504K, 12% used [0x00000000e0000000,0x00000000e028c4a0,0x00000000e1500000)
 PSPermGen       total 21504K, used 6856K [0x00000000dae00000, 0x00000000dc300000, 0x00000000e0000000)
  object space 21504K, 31% used [0x00000000dae00000,0x00000000db4b20e0,0x00000000dc300000)
}
Event: 3.481 GC heap before
{Heap before GC invocations=4 (full 0):
 PSYoungGen      total 10240K, used 10240K [0x00000000f5500000, 0x00000000f6900000, 0x0000000100000000)
  eden space 9216K, 100% used [0x00000000f5500000,0x00000000f5e00000,0x00000000f5e00000)
  from space 1024K, 100% used [0x00000000f5e00000,0x00000000f5f00000,0x00000000f5f00000)
  to   space 1024K, 0% used [0x00000000f6800000,0x00000000f6800000,0x00000000f6900000)
 ParOldGen       total 21504K, used 2609K [0x00000000e0000000, 0x00000000e1500000, 0x00000000f5500000)
  object space 21504K, 12% used [0x00000000e0000000,0x00000000e028c4a0,0x00000000e1500000)
 PSPermGen       total 21504K, used 7917K [0x00000000dae00000, 0x00000000dc300000, 0x00000000e0000000)
  object space 21504K, 36% used [0x00000000dae00000,0x00000000db5bb618,0x00000000dc300000)
Event: 3.490 GC heap after
Heap after GC invocations=4 (full 0):
 PSYoungGen      total 19456K, used 1008K [0x00000000f5500000, 0x00000000f6900000, 0x0000000100000000)
  eden space 18432K, 0% used [0x00000000f5500000,0x00000000f5500000,0x00000000f6700000)
  from space 1024K, 98% used [0x00000000f6800000,0x00000000f68fc010,0x00000000f6900000)
  to   space 1024K, 0% used [0x00000000f6700000,0x00000000f6700000,0x00000000f6800000)
 ParOldGen       total 21504K, used 4178K [0x00000000e0000000, 0x00000000e1500000, 0x00000000f5500000)
  object space 21504K, 19% used [0x00000000e0000000,0x00000000e0414a88,0x00000000e1500000)
 PSPermGen       total 21504K, used 7917K [0x00000000dae00000, 0x00000000dc300000, 0x00000000e0000000)
  object space 21504K, 36% used [0x00000000dae00000,0x00000000db5bb618,0x00000000dc300000)
}
Event: 4.421 GC heap before
{Heap before GC invocations=5 (full 0):
 PSYoungGen      total 19456K, used 19440K [0x00000000f5500000, 0x00000000f6900000, 0x0000000100000000)
  eden space 18432K, 100% used [0x00000000f5500000,0x00000000f6700000,0x00000000f6700000)
  from space 1024K, 98% used [0x00000000f6800000,0x00000000f68fc010,0x00000000f6900000)
  to   space 1024K, 0% used [0x00000000f6700000,0x00000000f6700000,0x00000000f6800000)
 ParOldGen       total 21504K, used 4178K [0x00000000e0000000, 0x00000000e1500000, 0x00000000f5500000)
  object space 21504K, 19% used [0x00000000e0000000,0x00000000e0414a88,0x00000000e1500000)
 PSPermGen       total 21504K, used 10543K [0x00000000dae00000, 0x00000000dc300000, 0x00000000e0000000)
  object space 21504K, 49% used [0x00000000dae00000,0x00000000db84bfb8,0x00000000dc300000)
Event: 4.430 GC heap after
Heap after GC invocations=5 (full 0):
 PSYoungGen      total 19456K, used 992K [0x00000000f5500000, 0x00000000f6900000, 0x0000000100000000)
  eden space 18432K, 0% used [0x00000000f5500000,0x00000000f5500000,0x00000000f6700000)
  from space 1024K, 96% used [0x00000000f6700000,0x00000000f67f8020,0x00000000f6800000)
  to   space 1024K, 0% used [0x00000000f6800000,0x00000000f6800000,0x00000000f6900000)
 ParOldGen       total 21504K, used 7159K [0x00000000e0000000, 0x00000000e1500000, 0x00000000f5500000)
  object space 21504K, 33% used [0x00000000e0000000,0x00000000e06fddf0,0x00000000e1500000)
 PSPermGen       total 21504K, used 10543K [0x00000000dae00000, 0x00000000dc300000, 0x00000000e0000000)
  object space 21504K, 49% used [0x00000000dae00000,0x00000000db84bfb8,0x00000000dc300000)
}

