# JRE version: Java(TM) SE Runtime Environment (7.0_45-b18) (build 1.7.0_45-b18)
# Java VM: Java HotSpot(TM) 64-Bit Server VM (24.45-b08 mixed mode windows-amd64 compressed oops)
Heap
 PSYoungGen      total 10240K, used 3686K [0x00000000f5500000, 0x00000000f6000000, 0x0000000100000000)
  eden space 9216K, 28% used [0x00000000f5500000,0x00000000f5799b60,0x00000000f5e00000)
  from space 1024K, 100% used [0x00000000f5e00000,0x00000000f5f00000,0x00000000f5f00000)
  to   space 1024K, 0% used [0x00000000f5f00000,0x00000000f5f00000,0x00000000f6000000)
 ParOldGen       total 21504K, used 8872K [0x00000000e0000000, 0x00000000e1500000, 0x00000000f5500000)
  object space 21504K, 41% used [0x00000000e0000000,0x00000000e08aa330,0x00000000e1500000)
 PSPermGen       total 21504K, used 11983K [0x00000000dae00000, 0x00000000dc300000, 0x00000000e0000000)
  object space 21504K, 55% used [0x00000000dae00000,0x00000000db9b3e78,0x00000000dc300000)
GC Heap History (10 events):
Event: 7.135 GC heap before
{Heap before GC invocations=3 (full 0):
 PSYoungGen      total 10240K, used 10231K [0x00000000f5500000, 0x00000000f6000000, 0x0000000100000000)
  eden space 9216K, 100% used [0x00000000f5500000,0x00000000f5e00000,0x00000000f5e00000)
  from space 1024K, 99% used [0x00000000f5f00000,0x00000000f5ffde70,0x00000000f6000000)
  to   space 1024K, 0% used [0x00000000f5e00000,0x00000000f5e00000,0x00000000f5f00000)
 ParOldGen       total 21504K, used 2098K [0x00000000e0000000, 0x00000000e1500000, 0x00000000f5500000)
  object space 21504K, 9% used [0x00000000e0000000,0x00000000e020cbd0,0x00000000e1500000)
 PSPermGen       total 21504K, used 6855K [0x00000000dae00000, 0x00000000dc300000, 0x00000000e0000000)
  object space 21504K, 31% used [0x00000000dae00000,0x00000000db4b1ea0,0x00000000dc300000)
Event: 7.140 GC heap after
Heap after GC invocations=3 (full 0):
 PSYoungGen      total 10240K, used 1008K [0x00000000f5500000, 0x00000000f6000000, 0x0000000100000000)
  eden space 9216K, 0% used [0x00000000f5500000,0x00000000f5500000,0x00000000f5e00000)
  from space 1024K, 98% used [0x00000000f5e00000,0x00000000f5efc010,0x00000000f5f00000)
  to   space 1024K, 0% used [0x00000000f5f00000,0x00000000f5f00000,0x00000000f6000000)
 ParOldGen       total 21504K, used 2620K [0x00000000e0000000, 0x00000000e1500000, 0x00000000f5500000)
  object space 21504K, 12% used [0x00000000e0000000,0x00000000e028f140,0x00000000e1500000)
 PSPermGen       total 21504K, used 6855K [0x00000000dae00000, 0x00000000dc300000, 0x00000000e0000000)
  object space 21504K, 31% used [0x00000000dae00000,0x00000000db4b1ea0,0x00000000dc300000)
}
Event: 7.472 GC heap before
{Heap before GC invocations=4 (full 0):
 PSYoungGen      total 10240K, used 10224K [0x00000000f5500000, 0x00000000f6000000, 0x0000000100000000)
  eden space 9216K, 100% used [0x00000000f5500000,0x00000000f5e00000,0x00000000f5e00000)
  from space 1024K, 98% used [0x00000000f5e00000,0x00000000f5efc010,0x00000000f5f00000)
  to   space 1024K, 0% used [0x00000000f5f00000,0x00000000f5f00000,0x00000000f6000000)
 ParOldGen       total 21504K, used 2620K [0x00000000e0000000, 0x00000000e1500000, 0x00000000f5500000)
  object space 21504K, 12% used [0x00000000e0000000,0x00000000e028f140,0x00000000e1500000)
 PSPermGen       total 21504K, used 7916K [0x00000000dae00000, 0x00000000dc300000, 0x00000000e0000000)
  object space 21504K, 36% used [0x00000000dae00000,0x00000000db5bb268,0x00000000dc300000)
Event: 7.479 GC heap after
Heap after GC invocations=4 (full 0):
 PSYoungGen      total 10240K, used 1008K [0x00000000f5500000, 0x00000000f6000000, 0x0000000100000000)
  eden space 9216K, 0% used [0x00000000f5500000,0x00000000f5500000,0x00000000f5e00000)
  from space 1024K, 98% used [0x00000000f5f00000,0x00000000f5ffc010,0x00000000f6000000)
  to   space 1024K, 0% used [0x00000000f5e00000,0x00000000f5e00000,0x00000000f5f00000)
 ParOldGen       total 21504K, used 4178K [0x00000000e0000000, 0x00000000e1500000, 0x00000000f5500000)
  object space 21504K, 19% used [0x00000000e0000000,0x00000000e0414928,0x00000000e1500000)
 PSPermGen       total 21504K, used 7916K [0x00000000dae00000, 0x00000000dc300000, 0x00000000e0000000)
  object space 21504K, 36% used [0x00000000dae00000,0x00000000db5bb268,0x00000000dc300000)
}
Event: 7.776 GC heap before
{Heap before GC invocations=5 (full 0):
 PSYoungGen      total 10240K, used 10224K [0x00000000f5500000, 0x00000000f6000000, 0x0000000100000000)
  eden space 9216K, 100% used [0x00000000f5500000,0x00000000f5e00000,0x00000000f5e00000)
  from space 1024K, 98% used [0x00000000f5f00000,0x00000000f5ffc010,0x00000000f6000000)
  to   space 1024K, 0% used [0x00000000f5e00000,0x00000000f5e00000,0x00000000f5f00000)
 ParOldGen       total 21504K, used 4178K [0x00000000e0000000, 0x00000000e1500000, 0x00000000f5500000)
  object space 21504K, 19% used [0x00000000e0000000,0x00000000e0414928,0x00000000e1500000)
 PSPermGen       total 21504K, used 9189K [0x00000000dae00000, 0x00000000dc300000, 0x00000000e0000000)
  object space 21504K, 42% used [0x00000000dae00000,0x00000000db6f94a0,0x00000000dc300000)
Event: 7.783 GC heap after
Heap after GC invocations=5 (full 0):
 PSYoungGen      total 10240K, used 1024K [0x00000000f5500000, 0x00000000f6000000, 0x0000000100000000)
  eden space 9216K, 0% used [0x00000000f5500000,0x00000000f5500000,0x00000000f5e00000)
  from space 1024K, 100% used [0x00000000f5e00000,0x00000000f5f00000,0x00000000f5f00000)
  to   space 1024K, 0% used [0x00000000f5f00000,0x00000000f5f00000,0x00000000f6000000)
 ParOldGen       total 21504K, used 5658K [0x00000000e0000000, 0x00000000e1500000, 0x00000000f5500000)
  object space 21504K, 26% used [0x00000000e0000000,0x00000000e0586bf8,0x00000000e1500000)
 PSPermGen       total 21504K, used 9189K [0x00000000dae00000, 0x00000000dc300000, 0x00000000e0000000)
  object space 21504K, 42% used [0x00000000dae00000,0x00000000db6f94a0,0x00000000dc300000)
}
Event: 8.078 GC heap before
{Heap before GC invocations=6 (full 0):
 PSYoungGen      total 10240K, used 10240K [0x00000000f5500000, 0x00000000f6000000, 0x0000000100000000)
  eden space 9216K, 100% used [0x00000000f5500000,0x00000000f5e00000,0x00000000f5e00000)
  from space 1024K, 100% used [0x00000000f5e00000,0x00000000f5f00000,0x00000000f5f00000)
  to   space 1024K, 0% used [0x00000000f5f00000,0x00000000f5f00000,0x00000000f6000000)
 ParOldGen       total 21504K, used 5658K [0x00000000e0000000, 0x00000000e1500000, 0x00000000f5500000)
  object space 21504K, 26% used [0x00000000e0000000,0x00000000e0586bf8,0x00000000e1500000)
 PSPermGen       total 21504K, used 10575K [0x00000000dae00000, 0x00000000dc300000, 0x00000000e0000000)
  object space 21504K, 49% used [0x00000000dae00000,0x00000000db853ef8,0x00000000dc300000)
Event: 8.086 GC heap after
Heap after GC invocations=6 (full 0):
 PSYoungGen      total 10240K, used 1024K [0x00000000f5500000, 0x00000000f6000000, 0x0000000100000000)
  eden space 9216K, 0% used [0x00000000f5500000,0x00000000f5500000,0x00000000f5e00000)
  from space 1024K, 100% used [0x00000000f5f00000,0x00000000f6000000,0x00000000f6000000)
  to   space 1024K, 0% used [0x00000000f5e00000,0x00000000f5e00000,0x00000000f5f00000)
 ParOldGen       total 21504K, used 7154K [0x00000000e0000000, 0x00000000e1500000, 0x00000000f5500000)
  object space 21504K, 33% used [0x00000000e0000000,0x00000000e06fc940,0x00000000e1500000)
 PSPermGen       total 21504K, used 10575K [0x00000000dae00000, 0x00000000dc300000, 0x00000000e0000000)
  object space 21504K, 49% used [0x00000000dae00000,0x00000000db853ef8,0x00000000dc300000)
}
Event: 9.028 GC heap before
{Heap before GC invocations=7 (full 0):
 PSYoungGen      total 10240K, used 10240K [0x00000000f5500000, 0x00000000f6000000, 0x0000000100000000)
  eden space 9216K, 100% used [0x00000000f5500000,0x00000000f5e00000,0x00000000f5e00000)
  from space 1024K, 100% used [0x00000000f5f00000,0x00000000f6000000,0x00000000f6000000)
  to   space 1024K, 0% used [0x00000000f5e00000,0x00000000f5e00000,0x00000000f5f00000)
 ParOldGen       total 21504K, used 7154K [0x00000000e0000000, 0x00000000e1500000, 0x00000000f5500000)
  object space 21504K, 33% used [0x00000000e0000000,0x00000000e06fc940,0x00000000e1500000)
 PSPermGen       total 21504K, used 11970K [0x00000000dae00000, 0x00000000dc300000, 0x00000000e0000000)
  object space 21504K, 55% used [0x00000000dae00000,0x00000000db9b0988,0x00000000dc300000)
Event: 9.037 GC heap after
Heap after GC invocations=7 (full 0):
 PSYoungGen      total 10240K, used 1024K [0x00000000f5500000, 0x00000000f6000000, 0x0000000100000000)
  eden space 9216K, 0% used [0x00000000f5500000,0x00000000f5500000,0x00000000f5e00000)
  from space 1024K, 100% used [0x00000000f5e00000,0x00000000f5f00000,0x00000000f5f00000)
  to   space 1024K, 0% used [0x00000000f5f00000,0x00000000f5f00000,0x00000000f6000000)
 ParOldGen       total 21504K, used 8872K [0x00000000e0000000, 0x00000000e1500000, 0x00000000f5500000)
  object space 21504K, 41% used [0x00000000e0000000,0x00000000e08aa330,0x00000000e1500000)
 PSPermGen       total 21504K, used 11970K [0x00000000dae00000, 0x00000000dc300000, 0x00000000e0000000)
  object space 21504K, 55% used [0x00000000dae00000,0x00000000db9b0988,0x00000000dc300000)
}

